91
79 1
23 0
20 2
42 3
56 4
32 5
17 6
23 7
71 8
36 9
46 10
56 11
20 12
87 13
34 14
79 15
74 16
75 17
91 18
52 19
75 20
50 21
50 22
95 23
29 25
89 26
29 27
29 28
36 29
86 30
64 31
39 32
57 33
44 34
45 35
84 36
41 37
58 38
52 39
90 40
63 41
95 42
69 43
74 44
84 45
77 46
83 47
65 48
67 49
52 50
68 51
55 52
73 54
59 55
75 56
69 57
77 58
88 59
86 60
64 61
86 62
74 63
91 64
84 65
79 66
91 67
77 68
89 69
76 70
87 71
94 72
88 73
82 74
80 75
84 76
86 77
91 78
90 79
87 81
92 82
93 83
88 84
91 85
92 86
94 87
93 88
91 89
93 90
93 91
94 92
94 93
